<?xml version="1.0" encoding="UTF-8"?>
<testng-results skipped="0" failed="0" ignored="0" total="1" passed="1">
  <reporter-output>
  </reporter-output>
  <suite name="Suite" duration-ms="61026" started-at="2018-10-19T11:06:53Z" finished-at="2018-10-19T11:07:54Z">
    <groups>
    </groups>
    <test name="Default test" duration-ms="61026" started-at="2018-10-19T11:06:53Z" finished-at="2018-10-19T11:07:54Z">
      <class name="Scripts.TC1">
        <test-method status="PASS" signature="beforeClass()[pri:0, instance:Scripts.TC1@8e24743]" name="beforeClass" is-config="true" duration-ms="2676" started-at="2018-10-19T13:06:53Z" finished-at="2018-10-19T13:06:56Z">
          <reporter-output>
          </reporter-output>
        </test-method> <!-- beforeClass -->
        <test-method status="PASS" signature="TC_Apply_Online()[pri:0, instance:Scripts.TC1@8e24743]" name="TC_Apply_Online" duration-ms="58332" started-at="2018-10-19T13:06:56Z" finished-at="2018-10-19T13:07:54Z">
          <reporter-output>
          </reporter-output>
        </test-method> <!-- TC_Apply_Online -->
        <test-method status="PASS" signature="afterClass()[pri:0, instance:Scripts.TC1@8e24743]" name="afterClass" is-config="true" duration-ms="1" started-at="2018-10-19T13:07:54Z" finished-at="2018-10-19T13:07:54Z">
          <reporter-output>
          </reporter-output>
        </test-method> <!-- afterClass -->
      </class> <!-- Scripts.TC1 -->
    </test> <!-- Default test -->
  </suite> <!-- Suite -->
</testng-results>
